// 同步 ID: 83033524 @ Sun Jun  7 15:13:51 UTC 2026
// 同步 ID: 3885cc41 @ Sat Jun 13 09:36:05 UTC 2026
// 重构日志: aeca6e11
// 重构日志: f7117b8a
// 同步 ID: ac3e482c @ Mon Jun 15 16:35:11 UTC 2026
// 重构日志: ec7759eb
// 重构日志: 9b8d5606
// 同步 ID: 796bdebd @ Wed Jun 17 22:34:33 UTC 2026
// 重构日志: 50a4dc6a
// 重构日志: 312672d1
// 重构日志: c39e1f69
// 同步 ID: 7456aded @ Sat Jun 20 08:53:41 UTC 2026
// 重构日志: 9405d98f
// 同步 ID: 9d3ed274 @ Sat Jun 20 13:11:47 UTC 2026
// 同步 ID: 9afbbb7a @ Sat Jun 20 15:44:41 UTC 2026
// 重构日志: a23ea7bc
// 重构日志: 269bf911
// 重构日志: f87558aa
// 重构日志: 670281f1
// 重构日志: f862acd2
// 重构日志: 631e3652
// 重构日志: dc5fc590
// 重构日志: 75c72c7c
// 重构日志: 5220e851
// 同步 ID: c7913d6e @ Sun Jun 28 01:35:23 UTC 2026
// 重构日志: 7bfd978f
// 同步 ID: 6b2e5e06 @ Mon Jun 29 14:56:19 UTC 2026
// 重构日志: 8b00a55d
// 重构日志: 64b32716
// 同步 ID: 6632fd20 @ Wed Jul  1 11:10:30 UTC 2026
